[0.095s] DEBUG:colcon:Command line arguments: ['/usr/bin/colcon', 'build']
[0.095s] DEBUG:colcon:Parsed command line arguments: Namespace(log_base=None, log_level=None, verb_name='build', build_base='build', install_base='install', merge_install=False, symlink_install=False, test_result_base=None, continue_on_error=False, executor='parallel', parallel_workers=8, event_handlers=None, ignore_user_meta=False, metas=['./colcon.meta'], base_paths=['.'], packages_ignore=None, packages_ignore_regex=None, paths=None, packages_up_to=None, packages_up_to_regex=None, packages_above=None, packages_above_and_dependencies=None, packages_above_depth=None, packages_select_by_dep=None, packages_skip_by_dep=None, packages_skip_up_to=None, packages_select_build_failed=False, packages_skip_build_finished=False, packages_select_test_failures=False, packages_skip_test_passed=False, packages_select=None, packages_skip=None, packages_select_regex=None, packages_skip_regex=None, packages_start=None, packages_end=None, allow_overriding=[], cmake_args=None, cmake_target=None, cmake_target_skip_unavailable=False, cmake_clean_cache=False, cmake_clean_first=False, cmake_force_configure=False, ament_cmake_args=None, catkin_cmake_args=None, catkin_skip_building_tests=False, verb_parser=<colcon_defaults.argument_parser.defaults.DefaultArgumentsDecorator object at 0x711b2dd3b970>, verb_extension=<colcon_core.verb.build.BuildVerb object at 0x711b2dd3b2b0>, main=<bound method BuildVerb.main of <colcon_core.verb.build.BuildVerb object at 0x711b2dd3b2b0>>)
[0.236s] Level 1:colcon.colcon_core.package_discovery:discover_packages(colcon_meta) check parameters
[0.236s] Level 1:colcon.colcon_core.package_discovery:discover_packages(recursive) check parameters
[0.236s] Level 1:colcon.colcon_core.package_discovery:discover_packages(ignore) check parameters
[0.236s] Level 1:colcon.colcon_core.package_discovery:discover_packages(path) check parameters
[0.236s] Level 1:colcon.colcon_core.package_discovery:discover_packages(colcon_meta) discover
[0.236s] Level 1:colcon.colcon_core.package_discovery:discover_packages(recursive) discover
[0.236s] INFO:colcon.colcon_core.package_discovery:Crawling recursively for packages in '/home/lzy/ros2_study/series_wheel_legged_robot_ws'
[0.236s] Level 1:colcon.colcon_core.package_identification:_identify(.) by extensions ['ignore', 'ignore_ament_install']
[0.236s] Level 1:colcon.colcon_core.package_identification:_identify(.) by extension 'ignore'
[0.236s] Level 1:colcon.colcon_core.package_identification:_identify(.) by extension 'ignore_ament_install'
[0.236s] Level 1:colcon.colcon_core.package_identification:_identify(.) by extensions ['colcon_pkg']
[0.236s] Level 1:colcon.colcon_core.package_identification:_identify(.) by extension 'colcon_pkg'
[0.236s] Level 1:colcon.colcon_core.package_identification:_identify(.) by extensions ['colcon_meta']
[0.236s] Level 1:colcon.colcon_core.package_identification:_identify(.) by extension 'colcon_meta'
[0.237s] Level 1:colcon.colcon_core.package_identification:_identify(.) by extensions ['ros']
[0.237s] Level 1:colcon.colcon_core.package_identification:_identify(.) by extension 'ros'
[0.247s] Level 1:colcon.colcon_core.package_identification:_identify(.) by extensions ['cmake', 'python']
[0.247s] Level 1:colcon.colcon_core.package_identification:_identify(.) by extension 'cmake'
[0.247s] Level 1:colcon.colcon_core.package_identification:_identify(.) by extension 'python'
[0.247s] Level 1:colcon.colcon_core.package_identification:_identify(.) by extensions ['python_setup_py']
[0.247s] Level 1:colcon.colcon_core.package_identification:_identify(.) by extension 'python_setup_py'
[0.247s] Level 1:colcon.colcon_core.package_identification:_identify(build) by extensions ['ignore', 'ignore_ament_install']
[0.248s] Level 1:colcon.colcon_core.package_identification:_identify(build) by extension 'ignore'
[0.248s] Level 1:colcon.colcon_core.package_identification:_identify(build) ignored
[0.248s] Level 1:colcon.colcon_core.package_identification:_identify(install) by extensions ['ignore', 'ignore_ament_install']
[0.248s] Level 1:colcon.colcon_core.package_identification:_identify(install) by extension 'ignore'
[0.248s] Level 1:colcon.colcon_core.package_identification:_identify(install) ignored
[0.248s] Level 1:colcon.colcon_core.package_identification:_identify(log) by extensions ['ignore', 'ignore_ament_install']
[0.248s] Level 1:colcon.colcon_core.package_identification:_identify(log) by extension 'ignore'
[0.248s] Level 1:colcon.colcon_core.package_identification:_identify(log) ignored
[0.248s] Level 1:colcon.colcon_core.package_identification:_identify(robot_description_pkg) by extensions ['ignore', 'ignore_ament_install']
[0.248s] Level 1:colcon.colcon_core.package_identification:_identify(robot_description_pkg) by extension 'ignore'
[0.248s] Level 1:colcon.colcon_core.package_identification:_identify(robot_description_pkg) by extension 'ignore_ament_install'
[0.248s] Level 1:colcon.colcon_core.package_identification:_identify(robot_description_pkg) by extensions ['colcon_pkg']
[0.248s] Level 1:colcon.colcon_core.package_identification:_identify(robot_description_pkg) by extension 'colcon_pkg'
[0.248s] Level 1:colcon.colcon_core.package_identification:_identify(robot_description_pkg) by extensions ['colcon_meta']
[0.248s] Level 1:colcon.colcon_core.package_identification:_identify(robot_description_pkg) by extension 'colcon_meta'
[0.248s] Level 1:colcon.colcon_core.package_identification:_identify(robot_description_pkg) by extensions ['ros']
[0.248s] Level 1:colcon.colcon_core.package_identification:_identify(robot_description_pkg) by extension 'ros'
[0.250s] DEBUG:colcon.colcon_core.package_identification:Package 'robot_description_pkg' with type 'ros.ament_cmake' and name 'robot_description_pkg'
[0.251s] Level 1:colcon.colcon_core.package_discovery:discover_packages(recursive) using defaults
[0.251s] Level 1:colcon.colcon_core.package_discovery:discover_packages(ignore) discover
[0.251s] Level 1:colcon.colcon_core.package_discovery:discover_packages(ignore) using defaults
[0.251s] Level 1:colcon.colcon_core.package_discovery:discover_packages(path) discover
[0.251s] Level 1:colcon.colcon_core.package_discovery:discover_packages(path) using defaults
[0.268s] Level 1:colcon.colcon_core.package_discovery:discover_packages(prefix_path) check parameters
[0.268s] Level 1:colcon.colcon_core.package_discovery:discover_packages(prefix_path) discover
[0.271s] DEBUG:colcon.colcon_installed_package_information.package_discovery:Found 332 installed packages in /opt/ros/humble
[0.281s] Level 1:colcon.colcon_core.package_discovery:discover_packages(prefix_path) using defaults
[0.320s] Level 5:colcon.colcon_core.verb:set package 'robot_description_pkg' build argument 'cmake_args' from command line to 'None'
[0.321s] Level 5:colcon.colcon_core.verb:set package 'robot_description_pkg' build argument 'cmake_target' from command line to 'None'
[0.321s] Level 5:colcon.colcon_core.verb:set package 'robot_description_pkg' build argument 'cmake_target_skip_unavailable' from command line to 'False'
[0.321s] Level 5:colcon.colcon_core.verb:set package 'robot_description_pkg' build argument 'cmake_clean_cache' from command line to 'False'
[0.321s] Level 5:colcon.colcon_core.verb:set package 'robot_description_pkg' build argument 'cmake_clean_first' from command line to 'False'
[0.321s] Level 5:colcon.colcon_core.verb:set package 'robot_description_pkg' build argument 'cmake_force_configure' from command line to 'False'
[0.321s] Level 5:colcon.colcon_core.verb:set package 'robot_description_pkg' build argument 'ament_cmake_args' from command line to 'None'
[0.321s] Level 5:colcon.colcon_core.verb:set package 'robot_description_pkg' build argument 'catkin_cmake_args' from command line to 'None'
[0.321s] Level 5:colcon.colcon_core.verb:set package 'robot_description_pkg' build argument 'catkin_skip_building_tests' from command line to 'False'
[0.321s] DEBUG:colcon.colcon_core.verb:Building package 'robot_description_pkg' with the following arguments: {'ament_cmake_args': None, 'build_base': '/home/lzy/ros2_study/series_wheel_legged_robot_ws/build/robot_description_pkg', 'catkin_cmake_args': None, 'catkin_skip_building_tests': False, 'cmake_args': None, 'cmake_clean_cache': False, 'cmake_clean_first': False, 'cmake_force_configure': False, 'cmake_target': None, 'cmake_target_skip_unavailable': False, 'install_base': '/home/lzy/ros2_study/series_wheel_legged_robot_ws/install/robot_description_pkg', 'merge_install': False, 'path': '/home/lzy/ros2_study/series_wheel_legged_robot_ws/robot_description_pkg', 'symlink_install': False, 'test_result_base': None}
[0.321s] INFO:colcon.colcon_core.executor:Executing jobs using 'parallel' executor
[0.323s] DEBUG:colcon.colcon_parallel_executor.executor.parallel:run_until_complete
[0.324s] INFO:colcon.colcon_ros.task.ament_cmake.build:Building ROS package in '/home/lzy/ros2_study/series_wheel_legged_robot_ws/robot_description_pkg' with build type 'ament_cmake'
[0.324s] INFO:colcon.colcon_cmake.task.cmake.build:Building CMake package in '/home/lzy/ros2_study/series_wheel_legged_robot_ws/robot_description_pkg'
[0.326s] INFO:colcon.colcon_core.plugin_system:Skipping extension 'colcon_core.shell.bat': Not used on non-Windows systems
[0.326s] INFO:colcon.colcon_core.shell:Skip shell extension 'powershell' for command environment: Not usable outside of PowerShell
[0.326s] DEBUG:colcon.colcon_core.shell:Skip shell extension 'dsv' for command environment
[0.344s] DEBUG:colcon.colcon_core.event_handler.log_command:Invoking command in '/home/lzy/ros2_study/series_wheel_legged_robot_ws/build/robot_description_pkg': CMAKE_PREFIX_PATH=/opt/ros/humble /usr/bin/cmake --build /home/lzy/ros2_study/series_wheel_legged_robot_ws/build/robot_description_pkg -- -j8 -l8
[0.389s] DEBUG:colcon.colcon_core.event_handler.log_command:Invoked command in '/home/lzy/ros2_study/series_wheel_legged_robot_ws/build/robot_description_pkg' returned '0': CMAKE_PREFIX_PATH=/opt/ros/humble /usr/bin/cmake --build /home/lzy/ros2_study/series_wheel_legged_robot_ws/build/robot_description_pkg -- -j8 -l8
[0.406s] DEBUG:colcon.colcon_core.event_handler.log_command:Invoking command in '/home/lzy/ros2_study/series_wheel_legged_robot_ws/build/robot_description_pkg': CMAKE_PREFIX_PATH=/opt/ros/humble /usr/bin/cmake --install /home/lzy/ros2_study/series_wheel_legged_robot_ws/build/robot_description_pkg
[0.418s] Level 1:colcon.colcon_core.environment:create_environment_scripts_only(robot_description_pkg)
[0.419s] DEBUG:colcon.colcon_core.event_handler.log_command:Invoked command in '/home/lzy/ros2_study/series_wheel_legged_robot_ws/build/robot_description_pkg' returned '0': CMAKE_PREFIX_PATH=/opt/ros/humble /usr/bin/cmake --install /home/lzy/ros2_study/series_wheel_legged_robot_ws/build/robot_description_pkg
[0.422s] Level 1:colcon.colcon_core.environment:checking '/home/lzy/ros2_study/series_wheel_legged_robot_ws/install/robot_description_pkg' for CMake module files
[0.423s] Level 1:colcon.colcon_core.environment:checking '/home/lzy/ros2_study/series_wheel_legged_robot_ws/install/robot_description_pkg' for CMake config files
[0.423s] Level 1:colcon.colcon_core.shell:create_environment_hook('robot_description_pkg', 'cmake_prefix_path')
[0.424s] INFO:colcon.colcon_core.shell:Creating environment hook '/home/lzy/ros2_study/series_wheel_legged_robot_ws/install/robot_description_pkg/share/robot_description_pkg/hook/cmake_prefix_path.ps1'
[0.424s] INFO:colcon.colcon_core.shell:Creating environment descriptor '/home/lzy/ros2_study/series_wheel_legged_robot_ws/install/robot_description_pkg/share/robot_description_pkg/hook/cmake_prefix_path.dsv'
[0.425s] INFO:colcon.colcon_core.shell:Creating environment hook '/home/lzy/ros2_study/series_wheel_legged_robot_ws/install/robot_description_pkg/share/robot_description_pkg/hook/cmake_prefix_path.sh'
[0.426s] Level 1:colcon.colcon_core.environment:checking '/home/lzy/ros2_study/series_wheel_legged_robot_ws/install/robot_description_pkg/bin'
[0.426s] Level 1:colcon.colcon_core.environment:checking '/home/lzy/ros2_study/series_wheel_legged_robot_ws/install/robot_description_pkg/lib/pkgconfig/robot_description_pkg.pc'
[0.426s] Level 1:colcon.colcon_core.environment:checking '/home/lzy/ros2_study/series_wheel_legged_robot_ws/install/robot_description_pkg/lib/python3.10/site-packages'
[0.427s] Level 1:colcon.colcon_core.environment:checking '/home/lzy/ros2_study/series_wheel_legged_robot_ws/install/robot_description_pkg/bin'
[0.427s] INFO:colcon.colcon_core.shell:Creating package script '/home/lzy/ros2_study/series_wheel_legged_robot_ws/install/robot_description_pkg/share/robot_description_pkg/package.ps1'
[0.428s] INFO:colcon.colcon_core.shell:Creating package descriptor '/home/lzy/ros2_study/series_wheel_legged_robot_ws/install/robot_description_pkg/share/robot_description_pkg/package.dsv'
[0.428s] INFO:colcon.colcon_core.shell:Creating package script '/home/lzy/ros2_study/series_wheel_legged_robot_ws/install/robot_description_pkg/share/robot_description_pkg/package.sh'
[0.429s] INFO:colcon.colcon_core.shell:Creating package script '/home/lzy/ros2_study/series_wheel_legged_robot_ws/install/robot_description_pkg/share/robot_description_pkg/package.bash'
[0.430s] INFO:colcon.colcon_core.shell:Creating package script '/home/lzy/ros2_study/series_wheel_legged_robot_ws/install/robot_description_pkg/share/robot_description_pkg/package.zsh'
[0.431s] Level 1:colcon.colcon_core.environment:create_file_with_runtime_dependencies(/home/lzy/ros2_study/series_wheel_legged_robot_ws/install/robot_description_pkg/share/colcon-core/packages/robot_description_pkg)
[0.432s] Level 1:colcon.colcon_core.environment:create_environment_scripts_only(robot_description_pkg)
[0.432s] Level 1:colcon.colcon_core.environment:checking '/home/lzy/ros2_study/series_wheel_legged_robot_ws/install/robot_description_pkg' for CMake module files
[0.433s] Level 1:colcon.colcon_core.environment:checking '/home/lzy/ros2_study/series_wheel_legged_robot_ws/install/robot_description_pkg' for CMake config files
[0.433s] Level 1:colcon.colcon_core.shell:create_environment_hook('robot_description_pkg', 'cmake_prefix_path')
[0.433s] INFO:colcon.colcon_core.shell:Creating environment hook '/home/lzy/ros2_study/series_wheel_legged_robot_ws/install/robot_description_pkg/share/robot_description_pkg/hook/cmake_prefix_path.ps1'
[0.434s] INFO:colcon.colcon_core.shell:Creating environment descriptor '/home/lzy/ros2_study/series_wheel_legged_robot_ws/install/robot_description_pkg/share/robot_description_pkg/hook/cmake_prefix_path.dsv'
[0.434s] INFO:colcon.colcon_core.shell:Creating environment hook '/home/lzy/ros2_study/series_wheel_legged_robot_ws/install/robot_description_pkg/share/robot_description_pkg/hook/cmake_prefix_path.sh'
[0.435s] Level 1:colcon.colcon_core.environment:checking '/home/lzy/ros2_study/series_wheel_legged_robot_ws/install/robot_description_pkg/bin'
[0.435s] Level 1:colcon.colcon_core.environment:checking '/home/lzy/ros2_study/series_wheel_legged_robot_ws/install/robot_description_pkg/lib/pkgconfig/robot_description_pkg.pc'
[0.435s] Level 1:colcon.colcon_core.environment:checking '/home/lzy/ros2_study/series_wheel_legged_robot_ws/install/robot_description_pkg/lib/python3.10/site-packages'
[0.436s] Level 1:colcon.colcon_core.environment:checking '/home/lzy/ros2_study/series_wheel_legged_robot_ws/install/robot_description_pkg/bin'
[0.436s] INFO:colcon.colcon_core.shell:Creating package script '/home/lzy/ros2_study/series_wheel_legged_robot_ws/install/robot_description_pkg/share/robot_description_pkg/package.ps1'
[0.437s] INFO:colcon.colcon_core.shell:Creating package descriptor '/home/lzy/ros2_study/series_wheel_legged_robot_ws/install/robot_description_pkg/share/robot_description_pkg/package.dsv'
[0.438s] INFO:colcon.colcon_core.shell:Creating package script '/home/lzy/ros2_study/series_wheel_legged_robot_ws/install/robot_description_pkg/share/robot_description_pkg/package.sh'
[0.438s] INFO:colcon.colcon_core.shell:Creating package script '/home/lzy/ros2_study/series_wheel_legged_robot_ws/install/robot_description_pkg/share/robot_description_pkg/package.bash'
[0.439s] INFO:colcon.colcon_core.shell:Creating package script '/home/lzy/ros2_study/series_wheel_legged_robot_ws/install/robot_description_pkg/share/robot_description_pkg/package.zsh'
[0.440s] Level 1:colcon.colcon_core.environment:create_file_with_runtime_dependencies(/home/lzy/ros2_study/series_wheel_legged_robot_ws/install/robot_description_pkg/share/colcon-core/packages/robot_description_pkg)
[0.440s] DEBUG:colcon.colcon_parallel_executor.executor.parallel:closing loop
[0.441s] DEBUG:colcon.colcon_parallel_executor.executor.parallel:loop closed
[0.441s] DEBUG:colcon.colcon_parallel_executor.executor.parallel:run_until_complete finished with '0'
[0.441s] DEBUG:colcon.colcon_core.event_reactor:joining thread
[0.448s] INFO:colcon.colcon_core.plugin_system:Skipping extension 'colcon_notification.desktop_notification.terminal_notifier': Not used on non-Darwin systems
[0.448s] INFO:colcon.colcon_core.plugin_system:Skipping extension 'colcon_notification.desktop_notification.win32': Not used on non-Windows systems
[0.448s] INFO:colcon.colcon_notification.desktop_notification:Sending desktop notification using 'notify2'
[0.468s] DEBUG:colcon.colcon_core.event_reactor:joined thread
[0.469s] INFO:colcon.colcon_core.shell:Creating prefix script '/home/lzy/ros2_study/series_wheel_legged_robot_ws/install/local_setup.ps1'
[0.471s] INFO:colcon.colcon_core.shell:Creating prefix util module '/home/lzy/ros2_study/series_wheel_legged_robot_ws/install/_local_setup_util_ps1.py'
[0.473s] INFO:colcon.colcon_core.shell:Creating prefix chain script '/home/lzy/ros2_study/series_wheel_legged_robot_ws/install/setup.ps1'
[0.475s] INFO:colcon.colcon_core.shell:Creating prefix script '/home/lzy/ros2_study/series_wheel_legged_robot_ws/install/local_setup.sh'
[0.476s] INFO:colcon.colcon_core.shell:Creating prefix util module '/home/lzy/ros2_study/series_wheel_legged_robot_ws/install/_local_setup_util_sh.py'
[0.477s] INFO:colcon.colcon_core.shell:Creating prefix chain script '/home/lzy/ros2_study/series_wheel_legged_robot_ws/install/setup.sh'
[0.478s] INFO:colcon.colcon_core.shell:Creating prefix script '/home/lzy/ros2_study/series_wheel_legged_robot_ws/install/local_setup.bash'
[0.479s] INFO:colcon.colcon_core.shell:Creating prefix chain script '/home/lzy/ros2_study/series_wheel_legged_robot_ws/install/setup.bash'
[0.480s] INFO:colcon.colcon_core.shell:Creating prefix script '/home/lzy/ros2_study/series_wheel_legged_robot_ws/install/local_setup.zsh'
[0.481s] INFO:colcon.colcon_core.shell:Creating prefix chain script '/home/lzy/ros2_study/series_wheel_legged_robot_ws/install/setup.zsh'
