[0.009s] Invoking command in '/home/lzy/ros2_study/series_wheel_legged-robot/series_wheel_legged_robot_ws/build/robot_description_pkg': CMAKE_PREFIX_PATH=/opt/ros/humble /usr/bin/cmake --build /home/lzy/ros2_study/series_wheel_legged-robot/series_wheel_legged_robot_ws/build/robot_description_pkg -- -j8 -l8
[0.041s] -- Found ament_cmake: 1.3.11 (/opt/ros/humble/share/ament_cmake/cmake)
[0.181s] -- Found ament_lint_auto: 0.12.12 (/opt/ros/humble/share/ament_lint_auto/cmake)
[0.257s] -- Added test 'flake8' to check Python code syntax and style conventions
[0.257s] -- Added test 'lint_cmake' to check CMake code style
[0.259s] -- Added test 'pep257' to check Python code against some of the docstring style conventions in PEP 257
[0.261s] -- Added test 'xmllint' to check XML markup files
[0.262s] -- Configuring done
[0.266s] -- Generating done
[0.268s] -- Build files have been written to: /home/lzy/ros2_study/series_wheel_legged-robot/series_wheel_legged_robot_ws/build/robot_description_pkg
[0.292s] Invoked command in '/home/lzy/ros2_study/series_wheel_legged-robot/series_wheel_legged_robot_ws/build/robot_description_pkg' returned '0': CMAKE_PREFIX_PATH=/opt/ros/humble /usr/bin/cmake --build /home/lzy/ros2_study/series_wheel_legged-robot/series_wheel_legged_robot_ws/build/robot_description_pkg -- -j8 -l8
[0.303s] Invoking command in '/home/lzy/ros2_study/series_wheel_legged-robot/series_wheel_legged_robot_ws/build/robot_description_pkg': CMAKE_PREFIX_PATH=/opt/ros/humble /usr/bin/cmake --install /home/lzy/ros2_study/series_wheel_legged-robot/series_wheel_legged_robot_ws/build/robot_description_pkg
[0.311s] -- Install configuration: ""
[0.311s] -- Up-to-date: /home/lzy/ros2_study/series_wheel_legged-robot/series_wheel_legged_robot_ws/install/robot_description_pkg/share/robot_description_pkg/urdf
[0.312s] -- Up-to-date: /home/lzy/ros2_study/series_wheel_legged-robot/series_wheel_legged_robot_ws/install/robot_description_pkg/share/robot_description_pkg/urdf/common_inertia.xacro
[0.313s] -- Up-to-date: /home/lzy/ros2_study/series_wheel_legged-robot/series_wheel_legged_robot_ws/install/robot_description_pkg/share/robot_description_pkg/urdf/base_link.urdf.xacro
[0.313s] -- Up-to-date: /home/lzy/ros2_study/series_wheel_legged-robot/series_wheel_legged_robot_ws/install/robot_description_pkg/share/robot_description_pkg/urdf/sensor
[0.313s] -- Up-to-date: /home/lzy/ros2_study/series_wheel_legged-robot/series_wheel_legged_robot_ws/install/robot_description_pkg/share/robot_description_pkg/urdf/sensor/imu_link.urdf.xacro
[0.313s] -- Up-to-date: /home/lzy/ros2_study/series_wheel_legged-robot/series_wheel_legged_robot_ws/install/robot_description_pkg/share/robot_description_pkg/urdf/series_wheel_legged_robot.ros2_control.xacro
[0.313s] -- Up-to-date: /home/lzy/ros2_study/series_wheel_legged-robot/series_wheel_legged_robot_ws/install/robot_description_pkg/share/robot_description_pkg/urdf/leg_link.urdf.xacro
[0.313s] -- Up-to-date: /home/lzy/ros2_study/series_wheel_legged-robot/series_wheel_legged_robot_ws/install/robot_description_pkg/share/robot_description_pkg/urdf/series_wheel_legged_robot.urdf.xacro
[0.313s] -- Up-to-date: /home/lzy/ros2_study/series_wheel_legged-robot/series_wheel_legged_robot_ws/install/robot_description_pkg/share/robot_description_pkg/urdf/actor
[0.313s] -- Up-to-date: /home/lzy/ros2_study/series_wheel_legged-robot/series_wheel_legged_robot_ws/install/robot_description_pkg/share/robot_description_pkg/urdf/actor/wheel_link.urdf.xacro
[0.313s] -- Up-to-date: /home/lzy/ros2_study/series_wheel_legged-robot/series_wheel_legged_robot_ws/install/robot_description_pkg/share/robot_description_pkg/config
[0.315s] -- Up-to-date: /home/lzy/ros2_study/series_wheel_legged-robot/series_wheel_legged_robot_ws/install/robot_description_pkg/share/robot_description_pkg/config/series_wheel_legged_robot_ros2_control.yaml
[0.315s] -- Up-to-date: /home/lzy/ros2_study/series_wheel_legged-robot/series_wheel_legged_robot_ws/install/robot_description_pkg/share/robot_description_pkg/config/rviz2_default_config.rviz
[0.315s] -- Up-to-date: /home/lzy/ros2_study/series_wheel_legged-robot/series_wheel_legged_robot_ws/install/robot_description_pkg/share/robot_description_pkg/launch
[0.315s] -- Up-to-date: /home/lzy/ros2_study/series_wheel_legged-robot/series_wheel_legged_robot_ws/install/robot_description_pkg/share/robot_description_pkg/launch/robot_display.launch.py
[0.315s] -- Installing: /home/lzy/ros2_study/series_wheel_legged-robot/series_wheel_legged_robot_ws/install/robot_description_pkg/share/robot_description_pkg/plugins
[0.315s] -- Installing: /home/lzy/ros2_study/series_wheel_legged-robot/series_wheel_legged_robot_ws/install/robot_description_pkg/share/robot_description_pkg/plugins/gazebo_sensor_imu.xacro
[0.316s] -- Up-to-date: /home/lzy/ros2_study/series_wheel_legged-robot/series_wheel_legged_robot_ws/install/robot_description_pkg/share/ament_index/resource_index/package_run_dependencies/robot_description_pkg
[0.316s] -- Up-to-date: /home/lzy/ros2_study/series_wheel_legged-robot/series_wheel_legged_robot_ws/install/robot_description_pkg/share/ament_index/resource_index/parent_prefix_path/robot_description_pkg
[0.316s] -- Up-to-date: /home/lzy/ros2_study/series_wheel_legged-robot/series_wheel_legged_robot_ws/install/robot_description_pkg/share/robot_description_pkg/environment/ament_prefix_path.sh
[0.316s] -- Installing: /home/lzy/ros2_study/series_wheel_legged-robot/series_wheel_legged_robot_ws/install/robot_description_pkg/share/robot_description_pkg/environment/ament_prefix_path.dsv
[0.316s] -- Up-to-date: /home/lzy/ros2_study/series_wheel_legged-robot/series_wheel_legged_robot_ws/install/robot_description_pkg/share/robot_description_pkg/environment/path.sh
[0.316s] -- Installing: /home/lzy/ros2_study/series_wheel_legged-robot/series_wheel_legged_robot_ws/install/robot_description_pkg/share/robot_description_pkg/environment/path.dsv
[0.316s] -- Up-to-date: /home/lzy/ros2_study/series_wheel_legged-robot/series_wheel_legged_robot_ws/install/robot_description_pkg/share/robot_description_pkg/local_setup.bash
[0.316s] -- Up-to-date: /home/lzy/ros2_study/series_wheel_legged-robot/series_wheel_legged_robot_ws/install/robot_description_pkg/share/robot_description_pkg/local_setup.sh
[0.316s] -- Up-to-date: /home/lzy/ros2_study/series_wheel_legged-robot/series_wheel_legged_robot_ws/install/robot_description_pkg/share/robot_description_pkg/local_setup.zsh
[0.316s] -- Installing: /home/lzy/ros2_study/series_wheel_legged-robot/series_wheel_legged_robot_ws/install/robot_description_pkg/share/robot_description_pkg/local_setup.dsv
[0.316s] -- Installing: /home/lzy/ros2_study/series_wheel_legged-robot/series_wheel_legged_robot_ws/install/robot_description_pkg/share/robot_description_pkg/package.dsv
[0.317s] -- Up-to-date: /home/lzy/ros2_study/series_wheel_legged-robot/series_wheel_legged_robot_ws/install/robot_description_pkg/share/ament_index/resource_index/packages/robot_description_pkg
[0.317s] -- Up-to-date: /home/lzy/ros2_study/series_wheel_legged-robot/series_wheel_legged_robot_ws/install/robot_description_pkg/share/robot_description_pkg/cmake/robot_description_pkgConfig.cmake
[0.317s] -- Up-to-date: /home/lzy/ros2_study/series_wheel_legged-robot/series_wheel_legged_robot_ws/install/robot_description_pkg/share/robot_description_pkg/cmake/robot_description_pkgConfig-version.cmake
[0.317s] -- Up-to-date: /home/lzy/ros2_study/series_wheel_legged-robot/series_wheel_legged_robot_ws/install/robot_description_pkg/share/robot_description_pkg/package.xml
[0.319s] Invoked command in '/home/lzy/ros2_study/series_wheel_legged-robot/series_wheel_legged_robot_ws/build/robot_description_pkg' returned '0': CMAKE_PREFIX_PATH=/opt/ros/humble /usr/bin/cmake --install /home/lzy/ros2_study/series_wheel_legged-robot/series_wheel_legged_robot_ws/build/robot_description_pkg
