[0.015s] Invoking command in '/home/lzy/ros2_study/series_wheel_legged-robot/series_wheel_legged_robot_ws/build/lqr_effort_controller': CMAKE_PREFIX_PATH=/opt/ros/humble /usr/bin/cmake --build /home/lzy/ros2_study/series_wheel_legged-robot/series_wheel_legged_robot_ws/build/lqr_effort_controller -- -j8 -l8
[0.125s] [ 50%] Built target lqr_effort_controller_parameters
[0.185s] [100%] Built target lqr_effort_controller
[0.211s] Invoked command in '/home/lzy/ros2_study/series_wheel_legged-robot/series_wheel_legged_robot_ws/build/lqr_effort_controller' returned '0': CMAKE_PREFIX_PATH=/opt/ros/humble /usr/bin/cmake --build /home/lzy/ros2_study/series_wheel_legged-robot/series_wheel_legged_robot_ws/build/lqr_effort_controller -- -j8 -l8
[0.229s] Invoking command in '/home/lzy/ros2_study/series_wheel_legged-robot/series_wheel_legged_robot_ws/build/lqr_effort_controller': CMAKE_PREFIX_PATH=/opt/ros/humble /usr/bin/cmake --install /home/lzy/ros2_study/series_wheel_legged-robot/series_wheel_legged_robot_ws/build/lqr_effort_controller
[0.252s] -- Install configuration: ""
[0.252s] -- Up-to-date: /home/lzy/ros2_study/series_wheel_legged-robot/series_wheel_legged_robot_ws/install/lqr_effort_controller/include/lqr_effort_controller
[0.252s] -- Up-to-date: /home/lzy/ros2_study/series_wheel_legged-robot/series_wheel_legged_robot_ws/install/lqr_effort_controller/include/lqr_effort_controller/validate_lqr_effort_controller_parameters.hpp
[0.252s] -- Up-to-date: /home/lzy/ros2_study/series_wheel_legged-robot/series_wheel_legged_robot_ws/install/lqr_effort_controller/include/lqr_effort_controller/lqr_effort_controller_parameters.hpp
[0.252s] -- Up-to-date: /home/lzy/ros2_study/series_wheel_legged-robot/series_wheel_legged_robot_ws/install/lqr_effort_controller/share/lqr_effort_controller/lqr_effort_controller.xml
[0.252s] -- Up-to-date: /home/lzy/ros2_study/series_wheel_legged-robot/series_wheel_legged_robot_ws/install/lqr_effort_controller/lib/liblqr_effort_controller.so
[0.252s] -- Up-to-date: /home/lzy/ros2_study/series_wheel_legged-robot/series_wheel_legged_robot_ws/install/lqr_effort_controller/include/lqr_effort_controller
[0.252s] -- Up-to-date: /home/lzy/ros2_study/series_wheel_legged-robot/series_wheel_legged_robot_ws/install/lqr_effort_controller/include/lqr_effort_controller/lqr_effort_controller
[0.252s] -- Up-to-date: /home/lzy/ros2_study/series_wheel_legged-robot/series_wheel_legged_robot_ws/install/lqr_effort_controller/include/lqr_effort_controller/lqr_effort_controller/validate_lqr_effort_controller_parameters.hpp
[0.252s] -- Up-to-date: /home/lzy/ros2_study/series_wheel_legged-robot/series_wheel_legged_robot_ws/install/lqr_effort_controller/include/lqr_effort_controller/lqr_effort_controller/lqr_effort_controller.hpp
[0.252s] -- Up-to-date: /home/lzy/ros2_study/series_wheel_legged-robot/series_wheel_legged_robot_ws/install/lqr_effort_controller/include/lqr_effort_controller/lqr_effort_controller/visibility_control.h
[0.252s] -- Up-to-date: /home/lzy/ros2_study/series_wheel_legged-robot/series_wheel_legged_robot_ws/install/lqr_effort_controller/share/lqr_effort_controller/environment/library_path.sh
[0.253s] -- Up-to-date: /home/lzy/ros2_study/series_wheel_legged-robot/series_wheel_legged_robot_ws/install/lqr_effort_controller/share/lqr_effort_controller/environment/library_path.dsv
[0.253s] -- Up-to-date: /home/lzy/ros2_study/series_wheel_legged-robot/series_wheel_legged_robot_ws/install/lqr_effort_controller/share/ament_index/resource_index/package_run_dependencies/lqr_effort_controller
[0.253s] -- Up-to-date: /home/lzy/ros2_study/series_wheel_legged-robot/series_wheel_legged_robot_ws/install/lqr_effort_controller/share/ament_index/resource_index/parent_prefix_path/lqr_effort_controller
[0.253s] -- Up-to-date: /home/lzy/ros2_study/series_wheel_legged-robot/series_wheel_legged_robot_ws/install/lqr_effort_controller/share/lqr_effort_controller/environment/ament_prefix_path.sh
[0.253s] -- Up-to-date: /home/lzy/ros2_study/series_wheel_legged-robot/series_wheel_legged_robot_ws/install/lqr_effort_controller/share/lqr_effort_controller/environment/ament_prefix_path.dsv
[0.253s] -- Up-to-date: /home/lzy/ros2_study/series_wheel_legged-robot/series_wheel_legged_robot_ws/install/lqr_effort_controller/share/lqr_effort_controller/environment/path.sh
[0.253s] -- Up-to-date: /home/lzy/ros2_study/series_wheel_legged-robot/series_wheel_legged_robot_ws/install/lqr_effort_controller/share/lqr_effort_controller/environment/path.dsv
[0.253s] -- Up-to-date: /home/lzy/ros2_study/series_wheel_legged-robot/series_wheel_legged_robot_ws/install/lqr_effort_controller/share/lqr_effort_controller/local_setup.bash
[0.253s] -- Up-to-date: /home/lzy/ros2_study/series_wheel_legged-robot/series_wheel_legged_robot_ws/install/lqr_effort_controller/share/lqr_effort_controller/local_setup.sh
[0.253s] -- Up-to-date: /home/lzy/ros2_study/series_wheel_legged-robot/series_wheel_legged_robot_ws/install/lqr_effort_controller/share/lqr_effort_controller/local_setup.zsh
[0.253s] -- Up-to-date: /home/lzy/ros2_study/series_wheel_legged-robot/series_wheel_legged_robot_ws/install/lqr_effort_controller/share/lqr_effort_controller/local_setup.dsv
[0.253s] -- Installing: /home/lzy/ros2_study/series_wheel_legged-robot/series_wheel_legged_robot_ws/install/lqr_effort_controller/share/lqr_effort_controller/package.dsv
[0.253s] -- Up-to-date: /home/lzy/ros2_study/series_wheel_legged-robot/series_wheel_legged_robot_ws/install/lqr_effort_controller/share/ament_index/resource_index/packages/lqr_effort_controller
[0.253s] -- Up-to-date: /home/lzy/ros2_study/series_wheel_legged-robot/series_wheel_legged_robot_ws/install/lqr_effort_controller/share/ament_index/resource_index/controller_interface__pluginlib__plugin/lqr_effort_controller
[0.253s] -- Up-to-date: /home/lzy/ros2_study/series_wheel_legged-robot/series_wheel_legged_robot_ws/install/lqr_effort_controller/share/lqr_effort_controller/cmake/ament_cmake_export_dependencies-extras.cmake
[0.253s] -- Up-to-date: /home/lzy/ros2_study/series_wheel_legged-robot/series_wheel_legged_robot_ws/install/lqr_effort_controller/share/lqr_effort_controller/cmake/ament_cmake_export_include_directories-extras.cmake
[0.254s] -- Up-to-date: /home/lzy/ros2_study/series_wheel_legged-robot/series_wheel_legged_robot_ws/install/lqr_effort_controller/share/lqr_effort_controller/cmake/ament_cmake_export_libraries-extras.cmake
[0.254s] -- Up-to-date: /home/lzy/ros2_study/series_wheel_legged-robot/series_wheel_legged_robot_ws/install/lqr_effort_controller/share/lqr_effort_controller/cmake/lqr_effort_controllerConfig.cmake
[0.254s] -- Up-to-date: /home/lzy/ros2_study/series_wheel_legged-robot/series_wheel_legged_robot_ws/install/lqr_effort_controller/share/lqr_effort_controller/cmake/lqr_effort_controllerConfig-version.cmake
[0.255s] -- Up-to-date: /home/lzy/ros2_study/series_wheel_legged-robot/series_wheel_legged_robot_ws/install/lqr_effort_controller/share/lqr_effort_controller/package.xml
[0.256s] Invoked command in '/home/lzy/ros2_study/series_wheel_legged-robot/series_wheel_legged_robot_ws/build/lqr_effort_controller' returned '0': CMAKE_PREFIX_PATH=/opt/ros/humble /usr/bin/cmake --install /home/lzy/ros2_study/series_wheel_legged-robot/series_wheel_legged_robot_ws/build/lqr_effort_controller
