[0.021s] Invoking command in '/home/lzy/ros2_study/series_wheel_legged-robot/series_wheel_legged_robot_ws/build/lqr_effort_controller': CMAKE_PREFIX_PATH=/opt/ros/humble /usr/bin/cmake --build /home/lzy/ros2_study/series_wheel_legged-robot/series_wheel_legged_robot_ws/build/lqr_effort_controller -- -j8 -l8
[0.094s] [ 50%] Built target lqr_effort_controller_parameters
[0.120s] [35m[1mConsolidate compiler generated dependencies of target lqr_effort_controller[0m
[0.149s] [100%] Built target lqr_effort_controller
[0.172s] Invoked command in '/home/lzy/ros2_study/series_wheel_legged-robot/series_wheel_legged_robot_ws/build/lqr_effort_controller' returned '0': CMAKE_PREFIX_PATH=/opt/ros/humble /usr/bin/cmake --build /home/lzy/ros2_study/series_wheel_legged-robot/series_wheel_legged_robot_ws/build/lqr_effort_controller -- -j8 -l8
[0.184s] Invoking command in '/home/lzy/ros2_study/series_wheel_legged-robot/series_wheel_legged_robot_ws/build/lqr_effort_controller': CMAKE_PREFIX_PATH=/opt/ros/humble /usr/bin/cmake --install /home/lzy/ros2_study/series_wheel_legged-robot/series_wheel_legged_robot_ws/build/lqr_effort_controller
[0.193s] -- Install configuration: ""
[0.193s] -- Up-to-date: /home/lzy/ros2_study/series_wheel_legged-robot/series_wheel_legged_robot_ws/install/lqr_effort_controller/include/lqr_effort_controller
[0.194s] -- Up-to-date: /home/lzy/ros2_study/series_wheel_legged-robot/series_wheel_legged_robot_ws/install/lqr_effort_controller/include/lqr_effort_controller/validate_lqr_effort_controller_parameters.hpp
[0.194s] -- Up-to-date: /home/lzy/ros2_study/series_wheel_legged-robot/series_wheel_legged_robot_ws/install/lqr_effort_controller/include/lqr_effort_controller/lqr_effort_controller_parameters.hpp
[0.194s] -- Up-to-date: /home/lzy/ros2_study/series_wheel_legged-robot/series_wheel_legged_robot_ws/install/lqr_effort_controller/share/lqr_effort_controller/lqr_effort_controller.xml
[0.194s] -- Up-to-date: /home/lzy/ros2_study/series_wheel_legged-robot/series_wheel_legged_robot_ws/install/lqr_effort_controller/lib/liblqr_effort_controller.so
[0.196s] -- Up-to-date: /home/lzy/ros2_study/series_wheel_legged-robot/series_wheel_legged_robot_ws/install/lqr_effort_controller/include/lqr_effort_controller
[0.196s] -- Up-to-date: /home/lzy/ros2_study/series_wheel_legged-robot/series_wheel_legged_robot_ws/install/lqr_effort_controller/include/lqr_effort_controller/lqr_effort_controller
[0.196s] -- Up-to-date: /home/lzy/ros2_study/series_wheel_legged-robot/series_wheel_legged_robot_ws/install/lqr_effort_controller/include/lqr_effort_controller/lqr_effort_controller/validate_lqr_effort_controller_parameters.hpp
[0.196s] -- Up-to-date: /home/lzy/ros2_study/series_wheel_legged-robot/series_wheel_legged_robot_ws/install/lqr_effort_controller/include/lqr_effort_controller/lqr_effort_controller/lqr_effort_controller.hpp
[0.197s] -- Up-to-date: /home/lzy/ros2_study/series_wheel_legged-robot/series_wheel_legged_robot_ws/install/lqr_effort_controller/include/lqr_effort_controller/lqr_effort_controller/visibility_control.h
[0.197s] -- Up-to-date: /home/lzy/ros2_study/series_wheel_legged-robot/series_wheel_legged_robot_ws/install/lqr_effort_controller/share/lqr_effort_controller/environment/library_path.sh
[0.197s] -- Up-to-date: /home/lzy/ros2_study/series_wheel_legged-robot/series_wheel_legged_robot_ws/install/lqr_effort_controller/share/lqr_effort_controller/environment/library_path.dsv
[0.197s] -- Up-to-date: /home/lzy/ros2_study/series_wheel_legged-robot/series_wheel_legged_robot_ws/install/lqr_effort_controller/share/ament_index/resource_index/package_run_dependencies/lqr_effort_controller
[0.197s] -- Up-to-date: /home/lzy/ros2_study/series_wheel_legged-robot/series_wheel_legged_robot_ws/install/lqr_effort_controller/share/ament_index/resource_index/parent_prefix_path/lqr_effort_controller
[0.197s] -- Up-to-date: /home/lzy/ros2_study/series_wheel_legged-robot/series_wheel_legged_robot_ws/install/lqr_effort_controller/share/lqr_effort_controller/environment/ament_prefix_path.sh
[0.197s] -- Up-to-date: /home/lzy/ros2_study/series_wheel_legged-robot/series_wheel_legged_robot_ws/install/lqr_effort_controller/share/lqr_effort_controller/environment/ament_prefix_path.dsv
[0.197s] -- Up-to-date: /home/lzy/ros2_study/series_wheel_legged-robot/series_wheel_legged_robot_ws/install/lqr_effort_controller/share/lqr_effort_controller/environment/path.sh
[0.197s] -- Up-to-date: /home/lzy/ros2_study/series_wheel_legged-robot/series_wheel_legged_robot_ws/install/lqr_effort_controller/share/lqr_effort_controller/environment/path.dsv
[0.197s] -- Up-to-date: /home/lzy/ros2_study/series_wheel_legged-robot/series_wheel_legged_robot_ws/install/lqr_effort_controller/share/lqr_effort_controller/local_setup.bash
[0.197s] -- Up-to-date: /home/lzy/ros2_study/series_wheel_legged-robot/series_wheel_legged_robot_ws/install/lqr_effort_controller/share/lqr_effort_controller/local_setup.sh
[0.197s] -- Up-to-date: /home/lzy/ros2_study/series_wheel_legged-robot/series_wheel_legged_robot_ws/install/lqr_effort_controller/share/lqr_effort_controller/local_setup.zsh
[0.198s] -- Up-to-date: /home/lzy/ros2_study/series_wheel_legged-robot/series_wheel_legged_robot_ws/install/lqr_effort_controller/share/lqr_effort_controller/local_setup.dsv
[0.198s] -- Installing: /home/lzy/ros2_study/series_wheel_legged-robot/series_wheel_legged_robot_ws/install/lqr_effort_controller/share/lqr_effort_controller/package.dsv
[0.198s] -- Up-to-date: /home/lzy/ros2_study/series_wheel_legged-robot/series_wheel_legged_robot_ws/install/lqr_effort_controller/share/ament_index/resource_index/packages/lqr_effort_controller
[0.198s] -- Up-to-date: /home/lzy/ros2_study/series_wheel_legged-robot/series_wheel_legged_robot_ws/install/lqr_effort_controller/share/ament_index/resource_index/controller_interface__pluginlib__plugin/lqr_effort_controller
[0.198s] -- Up-to-date: /home/lzy/ros2_study/series_wheel_legged-robot/series_wheel_legged_robot_ws/install/lqr_effort_controller/share/lqr_effort_controller/cmake/ament_cmake_export_dependencies-extras.cmake
[0.199s] -- Up-to-date: /home/lzy/ros2_study/series_wheel_legged-robot/series_wheel_legged_robot_ws/install/lqr_effort_controller/share/lqr_effort_controller/cmake/ament_cmake_export_include_directories-extras.cmake
[0.199s] -- Up-to-date: /home/lzy/ros2_study/series_wheel_legged-robot/series_wheel_legged_robot_ws/install/lqr_effort_controller/share/lqr_effort_controller/cmake/ament_cmake_export_libraries-extras.cmake
[0.199s] -- Up-to-date: /home/lzy/ros2_study/series_wheel_legged-robot/series_wheel_legged_robot_ws/install/lqr_effort_controller/share/lqr_effort_controller/cmake/lqr_effort_controllerConfig.cmake
[0.199s] -- Up-to-date: /home/lzy/ros2_study/series_wheel_legged-robot/series_wheel_legged_robot_ws/install/lqr_effort_controller/share/lqr_effort_controller/cmake/lqr_effort_controllerConfig-version.cmake
[0.202s] -- Up-to-date: /home/lzy/ros2_study/series_wheel_legged-robot/series_wheel_legged_robot_ws/install/lqr_effort_controller/share/lqr_effort_controller/package.xml
[0.206s] Invoked command in '/home/lzy/ros2_study/series_wheel_legged-robot/series_wheel_legged_robot_ws/build/lqr_effort_controller' returned '0': CMAKE_PREFIX_PATH=/opt/ros/humble /usr/bin/cmake --install /home/lzy/ros2_study/series_wheel_legged-robot/series_wheel_legged_robot_ws/build/lqr_effort_controller
