[0.014s] Invoking command in '/home/lzy/ros2_study/series_wheel_legged_robot_ws/build/robot_description_pkg': CMAKE_PREFIX_PATH=/opt/ros/humble /usr/bin/cmake /home/lzy/ros2_study/series_wheel_legged_robot_ws/robot_description_pkg -DCMAKE_INSTALL_PREFIX=/home/lzy/ros2_study/series_wheel_legged_robot_ws/install/robot_description_pkg
[0.079s] -- The C compiler identification is GNU 11.4.0
[0.141s] -- The CXX compiler identification is GNU 11.4.0
[0.150s] -- Detecting C compiler ABI info
[0.243s] -- Detecting C compiler ABI info - done
[0.253s] -- Check for working C compiler: /usr/bin/cc - skipped
[0.254s] -- Detecting C compile features
[0.254s] -- Detecting C compile features - done
[0.258s] -- Detecting CXX compiler ABI info
[0.365s] -- Detecting CXX compiler ABI info - done
[0.376s] -- Check for working CXX compiler: /usr/bin/c++ - skipped
[0.377s] -- Detecting CXX compile features
[0.377s] -- Detecting CXX compile features - done
[0.381s] -- Found ament_cmake: 1.3.11 (/opt/ros/humble/share/ament_cmake/cmake)
[0.566s] -- Found Python3: /usr/bin/python3 (found version "3.10.12") found components: Interpreter 
[0.676s] -- Found ament_lint_auto: 0.12.12 (/opt/ros/humble/share/ament_lint_auto/cmake)
[0.779s] -- Added test 'flake8' to check Python code syntax and style conventions
[0.780s] -- Added test 'lint_cmake' to check CMake code style
[0.781s] -- Added test 'pep257' to check Python code against some of the docstring style conventions in PEP 257
[0.783s] -- Added test 'xmllint' to check XML markup files
[0.785s] -- Configuring done
[0.791s] -- Generating done
[0.794s] -- Build files have been written to: /home/lzy/ros2_study/series_wheel_legged_robot_ws/build/robot_description_pkg
[0.800s] Invoked command in '/home/lzy/ros2_study/series_wheel_legged_robot_ws/build/robot_description_pkg' returned '0': CMAKE_PREFIX_PATH=/opt/ros/humble /usr/bin/cmake /home/lzy/ros2_study/series_wheel_legged_robot_ws/robot_description_pkg -DCMAKE_INSTALL_PREFIX=/home/lzy/ros2_study/series_wheel_legged_robot_ws/install/robot_description_pkg
[0.803s] Invoking command in '/home/lzy/ros2_study/series_wheel_legged_robot_ws/build/robot_description_pkg': CMAKE_PREFIX_PATH=/opt/ros/humble /usr/bin/cmake --build /home/lzy/ros2_study/series_wheel_legged_robot_ws/build/robot_description_pkg -- -j8 -l8
[0.856s] Invoked command in '/home/lzy/ros2_study/series_wheel_legged_robot_ws/build/robot_description_pkg' returned '0': CMAKE_PREFIX_PATH=/opt/ros/humble /usr/bin/cmake --build /home/lzy/ros2_study/series_wheel_legged_robot_ws/build/robot_description_pkg -- -j8 -l8
[0.868s] Invoking command in '/home/lzy/ros2_study/series_wheel_legged_robot_ws/build/robot_description_pkg': CMAKE_PREFIX_PATH=/opt/ros/humble /usr/bin/cmake --install /home/lzy/ros2_study/series_wheel_legged_robot_ws/build/robot_description_pkg
[0.877s] -- Install configuration: ""
[0.877s] -- Installing: /home/lzy/ros2_study/series_wheel_legged_robot_ws/install/robot_description_pkg/share/robot_description_pkg/urdf
[0.877s] -- Installing: /home/lzy/ros2_study/series_wheel_legged_robot_ws/install/robot_description_pkg/share/robot_description_pkg/urdf/common_inertia.xacro
[0.878s] -- Installing: /home/lzy/ros2_study/series_wheel_legged_robot_ws/install/robot_description_pkg/share/robot_description_pkg/urdf/base_link.urdf.xacro
[0.878s] -- Installing: /home/lzy/ros2_study/series_wheel_legged_robot_ws/install/robot_description_pkg/share/robot_description_pkg/urdf/series_wheel_legged_robot.urdf.xacro
[0.878s] -- Installing: /home/lzy/ros2_study/series_wheel_legged_robot_ws/install/robot_description_pkg/share/robot_description_pkg/urdf/actor
[0.878s] -- Installing: /home/lzy/ros2_study/series_wheel_legged_robot_ws/install/robot_description_pkg/share/robot_description_pkg/config
[0.879s] -- Installing: /home/lzy/ros2_study/series_wheel_legged_robot_ws/install/robot_description_pkg/share/robot_description_pkg/config/rviz2_default_config.rviz
[0.879s] -- Installing: /home/lzy/ros2_study/series_wheel_legged_robot_ws/install/robot_description_pkg/share/robot_description_pkg/launch
[0.879s] -- Installing: /home/lzy/ros2_study/series_wheel_legged_robot_ws/install/robot_description_pkg/share/robot_description_pkg/launch/robot_display.launch.py
[0.879s] -- Installing: /home/lzy/ros2_study/series_wheel_legged_robot_ws/install/robot_description_pkg/share/ament_index/resource_index/package_run_dependencies/robot_description_pkg
[0.879s] -- Installing: /home/lzy/ros2_study/series_wheel_legged_robot_ws/install/robot_description_pkg/share/ament_index/resource_index/parent_prefix_path/robot_description_pkg
[0.880s] -- Installing: /home/lzy/ros2_study/series_wheel_legged_robot_ws/install/robot_description_pkg/share/robot_description_pkg/environment/ament_prefix_path.sh
[0.880s] -- Installing: /home/lzy/ros2_study/series_wheel_legged_robot_ws/install/robot_description_pkg/share/robot_description_pkg/environment/ament_prefix_path.dsv
[0.880s] -- Installing: /home/lzy/ros2_study/series_wheel_legged_robot_ws/install/robot_description_pkg/share/robot_description_pkg/environment/path.sh
[0.880s] -- Installing: /home/lzy/ros2_study/series_wheel_legged_robot_ws/install/robot_description_pkg/share/robot_description_pkg/environment/path.dsv
[0.880s] -- Installing: /home/lzy/ros2_study/series_wheel_legged_robot_ws/install/robot_description_pkg/share/robot_description_pkg/local_setup.bash
[0.880s] -- Installing: /home/lzy/ros2_study/series_wheel_legged_robot_ws/install/robot_description_pkg/share/robot_description_pkg/local_setup.sh
[0.881s] -- Installing: /home/lzy/ros2_study/series_wheel_legged_robot_ws/install/robot_description_pkg/share/robot_description_pkg/local_setup.zsh
[0.881s] -- Installing: /home/lzy/ros2_study/series_wheel_legged_robot_ws/install/robot_description_pkg/share/robot_description_pkg/local_setup.dsv
[0.881s] -- Installing: /home/lzy/ros2_study/series_wheel_legged_robot_ws/install/robot_description_pkg/share/robot_description_pkg/package.dsv
[0.881s] -- Installing: /home/lzy/ros2_study/series_wheel_legged_robot_ws/install/robot_description_pkg/share/ament_index/resource_index/packages/robot_description_pkg
[0.881s] -- Installing: /home/lzy/ros2_study/series_wheel_legged_robot_ws/install/robot_description_pkg/share/robot_description_pkg/cmake/robot_description_pkgConfig.cmake
[0.882s] -- Installing: /home/lzy/ros2_study/series_wheel_legged_robot_ws/install/robot_description_pkg/share/robot_description_pkg/cmake/robot_description_pkgConfig-version.cmake
[0.882s] -- Installing: /home/lzy/ros2_study/series_wheel_legged_robot_ws/install/robot_description_pkg/share/robot_description_pkg/package.xml
[0.885s] Invoked command in '/home/lzy/ros2_study/series_wheel_legged_robot_ws/build/robot_description_pkg' returned '0': CMAKE_PREFIX_PATH=/opt/ros/humble /usr/bin/cmake --install /home/lzy/ros2_study/series_wheel_legged_robot_ws/build/robot_description_pkg
