[0.020s] Invoking command in '/home/lzy/ros2_study/series_wheel_legged_robot_ws/build/robot_description_pkg': CMAKE_PREFIX_PATH=/opt/ros/humble /usr/bin/cmake --build /home/lzy/ros2_study/series_wheel_legged_robot_ws/build/robot_description_pkg -- -j8 -l8
[0.065s] Invoked command in '/home/lzy/ros2_study/series_wheel_legged_robot_ws/build/robot_description_pkg' returned '0': CMAKE_PREFIX_PATH=/opt/ros/humble /usr/bin/cmake --build /home/lzy/ros2_study/series_wheel_legged_robot_ws/build/robot_description_pkg -- -j8 -l8
[0.077s] Invoking command in '/home/lzy/ros2_study/series_wheel_legged_robot_ws/build/robot_description_pkg': CMAKE_PREFIX_PATH=/opt/ros/humble /usr/bin/cmake --install /home/lzy/ros2_study/series_wheel_legged_robot_ws/build/robot_description_pkg
[0.085s] -- Install configuration: ""
[0.086s] -- Up-to-date: /home/lzy/ros2_study/series_wheel_legged_robot_ws/install/robot_description_pkg/share/robot_description_pkg/urdf
[0.087s] -- Up-to-date: /home/lzy/ros2_study/series_wheel_legged_robot_ws/install/robot_description_pkg/share/robot_description_pkg/urdf/common_inertia.xacro
[0.087s] -- Up-to-date: /home/lzy/ros2_study/series_wheel_legged_robot_ws/install/robot_description_pkg/share/robot_description_pkg/urdf/base_link.urdf.xacro
[0.087s] -- Installing: /home/lzy/ros2_study/series_wheel_legged_robot_ws/install/robot_description_pkg/share/robot_description_pkg/urdf/sensor
[0.087s] -- Installing: /home/lzy/ros2_study/series_wheel_legged_robot_ws/install/robot_description_pkg/share/robot_description_pkg/urdf/sensor/imu_link.urdf.xacro
[0.088s] -- Up-to-date: /home/lzy/ros2_study/series_wheel_legged_robot_ws/install/robot_description_pkg/share/robot_description_pkg/urdf/leg_link.urdf.xacro
[0.088s] -- Installing: /home/lzy/ros2_study/series_wheel_legged_robot_ws/install/robot_description_pkg/share/robot_description_pkg/urdf/series_wheel_legged_robot.urdf.xacro
[0.088s] -- Up-to-date: /home/lzy/ros2_study/series_wheel_legged_robot_ws/install/robot_description_pkg/share/robot_description_pkg/urdf/actor
[0.088s] -- Installing: /home/lzy/ros2_study/series_wheel_legged_robot_ws/install/robot_description_pkg/share/robot_description_pkg/urdf/actor/wheel_link.urdf.xacro
[0.088s] -- Up-to-date: /home/lzy/ros2_study/series_wheel_legged_robot_ws/install/robot_description_pkg/share/robot_description_pkg/config
[0.088s] -- Up-to-date: /home/lzy/ros2_study/series_wheel_legged_robot_ws/install/robot_description_pkg/share/robot_description_pkg/config/rviz2_default_config.rviz
[0.088s] -- Up-to-date: /home/lzy/ros2_study/series_wheel_legged_robot_ws/install/robot_description_pkg/share/robot_description_pkg/launch
[0.088s] -- Up-to-date: /home/lzy/ros2_study/series_wheel_legged_robot_ws/install/robot_description_pkg/share/robot_description_pkg/launch/robot_display.launch.py
[0.088s] -- Up-to-date: /home/lzy/ros2_study/series_wheel_legged_robot_ws/install/robot_description_pkg/share/ament_index/resource_index/package_run_dependencies/robot_description_pkg
[0.088s] -- Up-to-date: /home/lzy/ros2_study/series_wheel_legged_robot_ws/install/robot_description_pkg/share/ament_index/resource_index/parent_prefix_path/robot_description_pkg
[0.088s] -- Up-to-date: /home/lzy/ros2_study/series_wheel_legged_robot_ws/install/robot_description_pkg/share/robot_description_pkg/environment/ament_prefix_path.sh
[0.088s] -- Up-to-date: /home/lzy/ros2_study/series_wheel_legged_robot_ws/install/robot_description_pkg/share/robot_description_pkg/environment/ament_prefix_path.dsv
[0.088s] -- Up-to-date: /home/lzy/ros2_study/series_wheel_legged_robot_ws/install/robot_description_pkg/share/robot_description_pkg/environment/path.sh
[0.088s] -- Up-to-date: /home/lzy/ros2_study/series_wheel_legged_robot_ws/install/robot_description_pkg/share/robot_description_pkg/environment/path.dsv
[0.088s] -- Up-to-date: /home/lzy/ros2_study/series_wheel_legged_robot_ws/install/robot_description_pkg/share/robot_description_pkg/local_setup.bash
[0.089s] -- Up-to-date: /home/lzy/ros2_study/series_wheel_legged_robot_ws/install/robot_description_pkg/share/robot_description_pkg/local_setup.sh
[0.089s] -- Up-to-date: /home/lzy/ros2_study/series_wheel_legged_robot_ws/install/robot_description_pkg/share/robot_description_pkg/local_setup.zsh
[0.089s] -- Up-to-date: /home/lzy/ros2_study/series_wheel_legged_robot_ws/install/robot_description_pkg/share/robot_description_pkg/local_setup.dsv
[0.089s] -- Installing: /home/lzy/ros2_study/series_wheel_legged_robot_ws/install/robot_description_pkg/share/robot_description_pkg/package.dsv
[0.089s] -- Up-to-date: /home/lzy/ros2_study/series_wheel_legged_robot_ws/install/robot_description_pkg/share/ament_index/resource_index/packages/robot_description_pkg
[0.089s] -- Up-to-date: /home/lzy/ros2_study/series_wheel_legged_robot_ws/install/robot_description_pkg/share/robot_description_pkg/cmake/robot_description_pkgConfig.cmake
[0.090s] -- Up-to-date: /home/lzy/ros2_study/series_wheel_legged_robot_ws/install/robot_description_pkg/share/robot_description_pkg/cmake/robot_description_pkgConfig-version.cmake
[0.091s] -- Up-to-date: /home/lzy/ros2_study/series_wheel_legged_robot_ws/install/robot_description_pkg/share/robot_description_pkg/package.xml
[0.092s] Invoked command in '/home/lzy/ros2_study/series_wheel_legged_robot_ws/build/robot_description_pkg' returned '0': CMAKE_PREFIX_PATH=/opt/ros/humble /usr/bin/cmake --install /home/lzy/ros2_study/series_wheel_legged_robot_ws/build/robot_description_pkg
