-- The C compiler identification is GNU 11.4.0
-- The CXX compiler identification is GNU 11.4.0
-- Detecting C compiler ABI info
-- Detecting C compiler ABI info - done
-- Check for working C compiler: /usr/bin/cc - skipped
-- Detecting C compile features
-- Detecting C compile features - done
-- Detecting CXX compiler ABI info
-- Detecting CXX compiler ABI info - done
-- Check for working CXX compiler: /usr/bin/c++ - skipped
-- Detecting CXX compile features
-- Detecting CXX compile features - done
-- Found ament_cmake: 1.3.11 (/opt/ros/humble/share/ament_cmake/cmake)
-- Found Python3: /usr/bin/python3 (found version "3.10.12") found components: Interpreter 
-- Found ament_lint_auto: 0.12.12 (/opt/ros/humble/share/ament_lint_auto/cmake)
-- Added test 'flake8' to check Python code syntax and style conventions
-- Added test 'lint_cmake' to check CMake code style
-- Added test 'pep257' to check Python code against some of the docstring style conventions in PEP 257
-- Added test 'xmllint' to check XML markup files
-- Configuring done
-- Generating done
-- Build files have been written to: /home/lzy/ros2_study/series_wheel_legged-robot/series_wheel_legged_robot_ws/build/robot_description_pkg
-- Install configuration: ""
-- Installing: /home/lzy/ros2_study/series_wheel_legged-robot/series_wheel_legged_robot_ws/install/robot_description_pkg/share/robot_description_pkg/urdf
-- Installing: /home/lzy/ros2_study/series_wheel_legged-robot/series_wheel_legged_robot_ws/install/robot_description_pkg/share/robot_description_pkg/urdf/common_inertia.xacro
-- Installing: /home/lzy/ros2_study/series_wheel_legged-robot/series_wheel_legged_robot_ws/install/robot_description_pkg/share/robot_description_pkg/urdf/base_link.urdf.xacro
-- Installing: /home/lzy/ros2_study/series_wheel_legged-robot/series_wheel_legged_robot_ws/install/robot_description_pkg/share/robot_description_pkg/urdf/sensor
-- Installing: /home/lzy/ros2_study/series_wheel_legged-robot/series_wheel_legged_robot_ws/install/robot_description_pkg/share/robot_description_pkg/urdf/sensor/imu_link.urdf.xacro
-- Installing: /home/lzy/ros2_study/series_wheel_legged-robot/series_wheel_legged_robot_ws/install/robot_description_pkg/share/robot_description_pkg/urdf/series_wheel_legged_robot.ros2_control.xacro
-- Installing: /home/lzy/ros2_study/series_wheel_legged-robot/series_wheel_legged_robot_ws/install/robot_description_pkg/share/robot_description_pkg/urdf/leg_link.urdf.xacro
-- Installing: /home/lzy/ros2_study/series_wheel_legged-robot/series_wheel_legged_robot_ws/install/robot_description_pkg/share/robot_description_pkg/urdf/series_wheel_legged_robot.urdf.xacro
-- Installing: /home/lzy/ros2_study/series_wheel_legged-robot/series_wheel_legged_robot_ws/install/robot_description_pkg/share/robot_description_pkg/urdf/actor
-- Installing: /home/lzy/ros2_study/series_wheel_legged-robot/series_wheel_legged_robot_ws/install/robot_description_pkg/share/robot_description_pkg/urdf/actor/wheel_link.urdf.xacro
-- Installing: /home/lzy/ros2_study/series_wheel_legged-robot/series_wheel_legged_robot_ws/install/robot_description_pkg/share/robot_description_pkg/config
-- Installing: /home/lzy/ros2_study/series_wheel_legged-robot/series_wheel_legged_robot_ws/install/robot_description_pkg/share/robot_description_pkg/config/series_wheel_legged_robot_ros2_control.yaml
-- Installing: /home/lzy/ros2_study/series_wheel_legged-robot/series_wheel_legged_robot_ws/install/robot_description_pkg/share/robot_description_pkg/config/rviz2_default_config.rviz
-- Installing: /home/lzy/ros2_study/series_wheel_legged-robot/series_wheel_legged_robot_ws/install/robot_description_pkg/share/robot_description_pkg/launch
-- Installing: /home/lzy/ros2_study/series_wheel_legged-robot/series_wheel_legged_robot_ws/install/robot_description_pkg/share/robot_description_pkg/launch/robot_display.launch.py
-- Installing: /home/lzy/ros2_study/series_wheel_legged-robot/series_wheel_legged_robot_ws/install/robot_description_pkg/share/robot_description_pkg/plugins
-- Installing: /home/lzy/ros2_study/series_wheel_legged-robot/series_wheel_legged_robot_ws/install/robot_description_pkg/share/robot_description_pkg/plugins/gazebo_sensor_imu.xacro
-- Installing: /home/lzy/ros2_study/series_wheel_legged-robot/series_wheel_legged_robot_ws/install/robot_description_pkg/share/ament_index/resource_index/package_run_dependencies/robot_description_pkg
-- Installing: /home/lzy/ros2_study/series_wheel_legged-robot/series_wheel_legged_robot_ws/install/robot_description_pkg/share/ament_index/resource_index/parent_prefix_path/robot_description_pkg
-- Installing: /home/lzy/ros2_study/series_wheel_legged-robot/series_wheel_legged_robot_ws/install/robot_description_pkg/share/robot_description_pkg/environment/ament_prefix_path.sh
-- Installing: /home/lzy/ros2_study/series_wheel_legged-robot/series_wheel_legged_robot_ws/install/robot_description_pkg/share/robot_description_pkg/environment/ament_prefix_path.dsv
-- Installing: /home/lzy/ros2_study/series_wheel_legged-robot/series_wheel_legged_robot_ws/install/robot_description_pkg/share/robot_description_pkg/environment/path.sh
-- Installing: /home/lzy/ros2_study/series_wheel_legged-robot/series_wheel_legged_robot_ws/install/robot_description_pkg/share/robot_description_pkg/environment/path.dsv
-- Installing: /home/lzy/ros2_study/series_wheel_legged-robot/series_wheel_legged_robot_ws/install/robot_description_pkg/share/robot_description_pkg/local_setup.bash
-- Installing: /home/lzy/ros2_study/series_wheel_legged-robot/series_wheel_legged_robot_ws/install/robot_description_pkg/share/robot_description_pkg/local_setup.sh
-- Installing: /home/lzy/ros2_study/series_wheel_legged-robot/series_wheel_legged_robot_ws/install/robot_description_pkg/share/robot_description_pkg/local_setup.zsh
-- Installing: /home/lzy/ros2_study/series_wheel_legged-robot/series_wheel_legged_robot_ws/install/robot_description_pkg/share/robot_description_pkg/local_setup.dsv
-- Installing: /home/lzy/ros2_study/series_wheel_legged-robot/series_wheel_legged_robot_ws/install/robot_description_pkg/share/robot_description_pkg/package.dsv
-- Installing: /home/lzy/ros2_study/series_wheel_legged-robot/series_wheel_legged_robot_ws/install/robot_description_pkg/share/ament_index/resource_index/packages/robot_description_pkg
-- Installing: /home/lzy/ros2_study/series_wheel_legged-robot/series_wheel_legged_robot_ws/install/robot_description_pkg/share/robot_description_pkg/cmake/robot_description_pkgConfig.cmake
-- Installing: /home/lzy/ros2_study/series_wheel_legged-robot/series_wheel_legged_robot_ws/install/robot_description_pkg/share/robot_description_pkg/cmake/robot_description_pkgConfig-version.cmake
-- Installing: /home/lzy/ros2_study/series_wheel_legged-robot/series_wheel_legged_robot_ws/install/robot_description_pkg/share/robot_description_pkg/package.xml
