[0.012s] Invoking command in '/home/lzy/ros2_study/series_wheel_legged-robot/series_wheel_legged_robot_ws/build/robot_description_pkg': AMENT_PREFIX_PATH=/home/lzy/ros2_study/series_wheel_legged-robot/series_wheel_legged_robot_ws/install/lqr_effort_controller:${AMENT_PREFIX_PATH} CMAKE_PREFIX_PATH=/home/lzy/ros2_study/series_wheel_legged-robot/series_wheel_legged_robot_ws/install/lqr_effort_controller:/opt/ros/humble LD_LIBRARY_PATH=/home/lzy/ros2_study/series_wheel_legged-robot/series_wheel_legged_robot_ws/install/lqr_effort_controller/lib:${LD_LIBRARY_PATH} /usr/bin/cmake /home/lzy/ros2_study/series_wheel_legged-robot/series_wheel_legged_robot_ws/robot_description_pkg -DCMAKE_INSTALL_PREFIX=/home/lzy/ros2_study/series_wheel_legged-robot/series_wheel_legged_robot_ws/install/robot_description_pkg
[0.089s] -- The C compiler identification is GNU 11.4.0
[0.156s] -- The CXX compiler identification is GNU 11.4.0
[0.166s] -- Detecting C compiler ABI info
[0.247s] -- Detecting C compiler ABI info - done
[0.258s] -- Check for working C compiler: /usr/bin/cc - skipped
[0.258s] -- Detecting C compile features
[0.259s] -- Detecting C compile features - done
[0.263s] -- Detecting CXX compiler ABI info
[0.353s] -- Detecting CXX compiler ABI info - done
[0.358s] -- Check for working CXX compiler: /usr/bin/c++ - skipped
[0.359s] -- Detecting CXX compile features
[0.359s] -- Detecting CXX compile features - done
[0.366s] -- Found ament_cmake: 1.3.11 (/opt/ros/humble/share/ament_cmake/cmake)
[0.534s] -- Found Python3: /usr/bin/python3 (found version "3.10.12") found components: Interpreter 
[0.637s] -- Found ament_lint_auto: 0.12.12 (/opt/ros/humble/share/ament_lint_auto/cmake)
[0.728s] -- Added test 'flake8' to check Python code syntax and style conventions
[0.729s] -- Added test 'lint_cmake' to check CMake code style
[0.730s] -- Added test 'pep257' to check Python code against some of the docstring style conventions in PEP 257
[0.732s] -- Added test 'xmllint' to check XML markup files
[0.733s] -- Configuring done
[0.737s] -- Generating done
[0.740s] -- Build files have been written to: /home/lzy/ros2_study/series_wheel_legged-robot/series_wheel_legged_robot_ws/build/robot_description_pkg
[0.745s] Invoked command in '/home/lzy/ros2_study/series_wheel_legged-robot/series_wheel_legged_robot_ws/build/robot_description_pkg' returned '0': AMENT_PREFIX_PATH=/home/lzy/ros2_study/series_wheel_legged-robot/series_wheel_legged_robot_ws/install/lqr_effort_controller:${AMENT_PREFIX_PATH} CMAKE_PREFIX_PATH=/home/lzy/ros2_study/series_wheel_legged-robot/series_wheel_legged_robot_ws/install/lqr_effort_controller:/opt/ros/humble LD_LIBRARY_PATH=/home/lzy/ros2_study/series_wheel_legged-robot/series_wheel_legged_robot_ws/install/lqr_effort_controller/lib:${LD_LIBRARY_PATH} /usr/bin/cmake /home/lzy/ros2_study/series_wheel_legged-robot/series_wheel_legged_robot_ws/robot_description_pkg -DCMAKE_INSTALL_PREFIX=/home/lzy/ros2_study/series_wheel_legged-robot/series_wheel_legged_robot_ws/install/robot_description_pkg
[0.748s] Invoking command in '/home/lzy/ros2_study/series_wheel_legged-robot/series_wheel_legged_robot_ws/build/robot_description_pkg': AMENT_PREFIX_PATH=/home/lzy/ros2_study/series_wheel_legged-robot/series_wheel_legged_robot_ws/install/lqr_effort_controller:${AMENT_PREFIX_PATH} CMAKE_PREFIX_PATH=/home/lzy/ros2_study/series_wheel_legged-robot/series_wheel_legged_robot_ws/install/lqr_effort_controller:/opt/ros/humble LD_LIBRARY_PATH=/home/lzy/ros2_study/series_wheel_legged-robot/series_wheel_legged_robot_ws/install/lqr_effort_controller/lib:${LD_LIBRARY_PATH} /usr/bin/cmake --build /home/lzy/ros2_study/series_wheel_legged-robot/series_wheel_legged_robot_ws/build/robot_description_pkg -- -j8 -l8
[0.795s] Invoked command in '/home/lzy/ros2_study/series_wheel_legged-robot/series_wheel_legged_robot_ws/build/robot_description_pkg' returned '0': AMENT_PREFIX_PATH=/home/lzy/ros2_study/series_wheel_legged-robot/series_wheel_legged_robot_ws/install/lqr_effort_controller:${AMENT_PREFIX_PATH} CMAKE_PREFIX_PATH=/home/lzy/ros2_study/series_wheel_legged-robot/series_wheel_legged_robot_ws/install/lqr_effort_controller:/opt/ros/humble LD_LIBRARY_PATH=/home/lzy/ros2_study/series_wheel_legged-robot/series_wheel_legged_robot_ws/install/lqr_effort_controller/lib:${LD_LIBRARY_PATH} /usr/bin/cmake --build /home/lzy/ros2_study/series_wheel_legged-robot/series_wheel_legged_robot_ws/build/robot_description_pkg -- -j8 -l8
[0.798s] Invoking command in '/home/lzy/ros2_study/series_wheel_legged-robot/series_wheel_legged_robot_ws/build/robot_description_pkg': AMENT_PREFIX_PATH=/home/lzy/ros2_study/series_wheel_legged-robot/series_wheel_legged_robot_ws/install/lqr_effort_controller:${AMENT_PREFIX_PATH} CMAKE_PREFIX_PATH=/home/lzy/ros2_study/series_wheel_legged-robot/series_wheel_legged_robot_ws/install/lqr_effort_controller:/opt/ros/humble LD_LIBRARY_PATH=/home/lzy/ros2_study/series_wheel_legged-robot/series_wheel_legged_robot_ws/install/lqr_effort_controller/lib:${LD_LIBRARY_PATH} /usr/bin/cmake --install /home/lzy/ros2_study/series_wheel_legged-robot/series_wheel_legged_robot_ws/build/robot_description_pkg
[0.806s] -- Install configuration: ""
[0.806s] -- Installing: /home/lzy/ros2_study/series_wheel_legged-robot/series_wheel_legged_robot_ws/install/robot_description_pkg/share/robot_description_pkg/urdf
[0.807s] -- Installing: /home/lzy/ros2_study/series_wheel_legged-robot/series_wheel_legged_robot_ws/install/robot_description_pkg/share/robot_description_pkg/urdf/common_inertia.xacro
[0.807s] -- Installing: /home/lzy/ros2_study/series_wheel_legged-robot/series_wheel_legged_robot_ws/install/robot_description_pkg/share/robot_description_pkg/urdf/base_link.urdf.xacro
[0.807s] -- Installing: /home/lzy/ros2_study/series_wheel_legged-robot/series_wheel_legged_robot_ws/install/robot_description_pkg/share/robot_description_pkg/urdf/sensor
[0.807s] -- Installing: /home/lzy/ros2_study/series_wheel_legged-robot/series_wheel_legged_robot_ws/install/robot_description_pkg/share/robot_description_pkg/urdf/sensor/imu_link.urdf.xacro
[0.808s] -- Installing: /home/lzy/ros2_study/series_wheel_legged-robot/series_wheel_legged_robot_ws/install/robot_description_pkg/share/robot_description_pkg/urdf/series_wheel_legged_robot.ros2_control.xacro
[0.808s] -- Installing: /home/lzy/ros2_study/series_wheel_legged-robot/series_wheel_legged_robot_ws/install/robot_description_pkg/share/robot_description_pkg/urdf/leg_link.urdf.xacro
[0.808s] -- Installing: /home/lzy/ros2_study/series_wheel_legged-robot/series_wheel_legged_robot_ws/install/robot_description_pkg/share/robot_description_pkg/urdf/series_wheel_legged_robot.urdf.xacro
[0.809s] -- Installing: /home/lzy/ros2_study/series_wheel_legged-robot/series_wheel_legged_robot_ws/install/robot_description_pkg/share/robot_description_pkg/urdf/actor
[0.809s] -- Installing: /home/lzy/ros2_study/series_wheel_legged-robot/series_wheel_legged_robot_ws/install/robot_description_pkg/share/robot_description_pkg/urdf/actor/wheel_link.urdf.xacro
[0.809s] -- Installing: /home/lzy/ros2_study/series_wheel_legged-robot/series_wheel_legged_robot_ws/install/robot_description_pkg/share/robot_description_pkg/config
[0.810s] -- Installing: /home/lzy/ros2_study/series_wheel_legged-robot/series_wheel_legged_robot_ws/install/robot_description_pkg/share/robot_description_pkg/config/series_wheel_legged_robot_ros2_control.yaml
[0.810s] -- Installing: /home/lzy/ros2_study/series_wheel_legged-robot/series_wheel_legged_robot_ws/install/robot_description_pkg/share/robot_description_pkg/config/rviz2_default_config.rviz
[0.810s] -- Installing: /home/lzy/ros2_study/series_wheel_legged-robot/series_wheel_legged_robot_ws/install/robot_description_pkg/share/robot_description_pkg/launch
[0.810s] -- Installing: /home/lzy/ros2_study/series_wheel_legged-robot/series_wheel_legged_robot_ws/install/robot_description_pkg/share/robot_description_pkg/launch/robot_display.launch.py
[0.810s] -- Installing: /home/lzy/ros2_study/series_wheel_legged-robot/series_wheel_legged_robot_ws/install/robot_description_pkg/share/robot_description_pkg/plugins
[0.811s] -- Installing: /home/lzy/ros2_study/series_wheel_legged-robot/series_wheel_legged_robot_ws/install/robot_description_pkg/share/robot_description_pkg/plugins/gazebo_sensor_imu.xacro
[0.811s] -- Installing: /home/lzy/ros2_study/series_wheel_legged-robot/series_wheel_legged_robot_ws/install/robot_description_pkg/share/ament_index/resource_index/package_run_dependencies/robot_description_pkg
[0.811s] -- Installing: /home/lzy/ros2_study/series_wheel_legged-robot/series_wheel_legged_robot_ws/install/robot_description_pkg/share/ament_index/resource_index/parent_prefix_path/robot_description_pkg
[0.811s] -- Installing: /home/lzy/ros2_study/series_wheel_legged-robot/series_wheel_legged_robot_ws/install/robot_description_pkg/share/robot_description_pkg/environment/ament_prefix_path.sh
[0.811s] -- Installing: /home/lzy/ros2_study/series_wheel_legged-robot/series_wheel_legged_robot_ws/install/robot_description_pkg/share/robot_description_pkg/environment/ament_prefix_path.dsv
[0.812s] -- Installing: /home/lzy/ros2_study/series_wheel_legged-robot/series_wheel_legged_robot_ws/install/robot_description_pkg/share/robot_description_pkg/environment/path.sh
[0.812s] -- Installing: /home/lzy/ros2_study/series_wheel_legged-robot/series_wheel_legged_robot_ws/install/robot_description_pkg/share/robot_description_pkg/environment/path.dsv
[0.812s] -- Installing: /home/lzy/ros2_study/series_wheel_legged-robot/series_wheel_legged_robot_ws/install/robot_description_pkg/share/robot_description_pkg/local_setup.bash
[0.812s] -- Installing: /home/lzy/ros2_study/series_wheel_legged-robot/series_wheel_legged_robot_ws/install/robot_description_pkg/share/robot_description_pkg/local_setup.sh
[0.812s] -- Installing: /home/lzy/ros2_study/series_wheel_legged-robot/series_wheel_legged_robot_ws/install/robot_description_pkg/share/robot_description_pkg/local_setup.zsh
[0.813s] -- Installing: /home/lzy/ros2_study/series_wheel_legged-robot/series_wheel_legged_robot_ws/install/robot_description_pkg/share/robot_description_pkg/local_setup.dsv
[0.813s] -- Installing: /home/lzy/ros2_study/series_wheel_legged-robot/series_wheel_legged_robot_ws/install/robot_description_pkg/share/robot_description_pkg/package.dsv
[0.813s] -- Installing: /home/lzy/ros2_study/series_wheel_legged-robot/series_wheel_legged_robot_ws/install/robot_description_pkg/share/ament_index/resource_index/packages/robot_description_pkg
[0.813s] -- Installing: /home/lzy/ros2_study/series_wheel_legged-robot/series_wheel_legged_robot_ws/install/robot_description_pkg/share/robot_description_pkg/cmake/robot_description_pkgConfig.cmake
[0.813s] -- Installing: /home/lzy/ros2_study/series_wheel_legged-robot/series_wheel_legged_robot_ws/install/robot_description_pkg/share/robot_description_pkg/cmake/robot_description_pkgConfig-version.cmake
[0.814s] -- Installing: /home/lzy/ros2_study/series_wheel_legged-robot/series_wheel_legged_robot_ws/install/robot_description_pkg/share/robot_description_pkg/package.xml
[0.816s] Invoked command in '/home/lzy/ros2_study/series_wheel_legged-robot/series_wheel_legged_robot_ws/build/robot_description_pkg' returned '0': AMENT_PREFIX_PATH=/home/lzy/ros2_study/series_wheel_legged-robot/series_wheel_legged_robot_ws/install/lqr_effort_controller:${AMENT_PREFIX_PATH} CMAKE_PREFIX_PATH=/home/lzy/ros2_study/series_wheel_legged-robot/series_wheel_legged_robot_ws/install/lqr_effort_controller:/opt/ros/humble LD_LIBRARY_PATH=/home/lzy/ros2_study/series_wheel_legged-robot/series_wheel_legged_robot_ws/install/lqr_effort_controller/lib:${LD_LIBRARY_PATH} /usr/bin/cmake --install /home/lzy/ros2_study/series_wheel_legged-robot/series_wheel_legged_robot_ws/build/robot_description_pkg
